<?xml version="1.0" encoding="UTF-8"?>
<!-- Generated by org.testng.reporters.JUnitReportReporter -->
<testsuite hostname="Admin" name="com.studentapp.junit.FirstSerenityTest" tests="1" failures="0" timestamp="15 Dec 2018 10:24:11 GMT" time="4.107" errors="0">
  <testcase name="getAllStudents" time="4.107" classname="com.studentapp.junit.FirstSerenityTest"/>
</testsuite> <!-- com.studentapp.junit.FirstSerenityTest -->
